<?xml version="1.0" encoding="UTF-8"?>
<!-- Generated by org.testng.reporters.JUnitXMLReporter -->
<testsuite ignored="3" hostname="LAPTOP-KQJEGKUF" failures="0" tests="3" name="Default test" time="55.519" errors="0" timestamp="2023-02-15T20:39:08 GMT-05:00">
  <testcase classname="com.crm.qa.testcases.TasksPageTest" name="deleteLastTaskafterSearch" time="6.018"/>
  <testcase classname="com.crm.qa.testcases.TasksPageTest" name="deleteLastTaskafterSearch" time="6.109"/>
  <testcase classname="com.crm.qa.testcases.TasksPageTest" name="deleteLastTaskafterSearch" time="5.851"/>
  <testcase classname="com.crm.qa.testcases.TasksPageTest" name="verifyTasksPage" time="0.0">
    <ignored/>
  </testcase> <!-- verifyTasksPage -->
  <testcase classname="com.crm.qa.testcases.TasksPageTest" name="createNewTask" time="0.0">
    <ignored/>
  </testcase> <!-- createNewTask -->
  <testcase classname="com.crm.qa.testcases.TasksPageTest" name="searchUsingFullSearchForm" time="0.0">
    <ignored/>
  </testcase> <!-- searchUsingFullSearchForm -->
</testsuite> <!-- Default test -->
