<?xml version="1.0" encoding="UTF-8"?>
<!-- Generated by org.testng.reporters.JUnitXMLReporter -->
<testsuite ignored="0" hostname="LAPTOP-KQJEGKUF" failures="0" tests="4" name="Default test" time="62.341" errors="0" timestamp="2023-01-12T13:08:19 GMT-05:00">
  <testcase classname="com.crm.qa.testcases.TasksPageTest" name="verifyTasksPage" time="2.907"/>
  <testcase classname="com.crm.qa.testcases.TasksPageTest" name="createNewTask" time="7.333"/>
  <testcase classname="com.crm.qa.testcases.TasksPageTest" name="createNewTask" time="5.558"/>
  <testcase classname="com.crm.qa.testcases.TasksPageTest" name="createNewTask" time="5.614"/>
</testsuite> <!-- Default test -->
