<?xml version="1.0" encoding="UTF-8"?>
<testng-results ignored="3" total="6" passed="3" failed="0" skipped="0">
  <reporter-output>
  </reporter-output>
  <suite started-at="2023-02-15T20:38:13 GMT-05:00" name="Default suite" finished-at="2023-02-15T20:39:08 GMT-05:00" duration-ms="55519">
    <groups>
    </groups>
    <test started-at="2023-02-15T20:38:13 GMT-05:00" name="Default test" finished-at="2023-02-15T20:39:08 GMT-05:00" duration-ms="55519">
      <class name="com.crm.qa.testcases.TasksPageTest">
        <test-method is-config="true" signature="SetUp()[pri:0, instance:com.crm.qa.testcases.TasksPageTest@3349e9bb]" started-at="2023-02-15T20:38:14 GMT-05:00" name="SetUp" finished-at="2023-02-15T20:38:25 GMT-05:00" duration-ms="10793" status="PASS">
          <reporter-output>
          </reporter-output>
        </test-method> <!-- SetUp -->
        <test-method signature="deleteLastTaskafterSearch(java.lang.String,java.lang.String,java.lang.String)[pri:4, instance:com.crm.qa.testcases.TasksPageTest@3349e9bb]" started-at="2023-02-15T20:38:25 GMT-05:00" name="deleteLastTaskafterSearch" data-provider="getCRMTasksTestData" finished-at="2023-02-15T20:38:31 GMT-05:00" duration-ms="6018" status="PASS">
          <params>
            <param index="0">
              <value>
                <![CDATA[Jan Tasks]]>
              </value>
            </param>
            <param index="1">
              <value>
                <![CDATA[January Tasks to be performed]]>
              </value>
            </param>
            <param index="2">
              <value>
                <![CDATA[Jan Tasks]]>
              </value>
            </param>
          </params>
          <reporter-output>
          </reporter-output>
        </test-method> <!-- deleteLastTaskafterSearch -->
        <test-method is-config="true" signature="SetUp()[pri:0, instance:com.crm.qa.testcases.TasksPageTest@3349e9bb]" started-at="2023-02-15T20:38:31 GMT-05:00" name="SetUp" finished-at="2023-02-15T20:38:43 GMT-05:00" duration-ms="11810" status="PASS">
          <reporter-output>
          </reporter-output>
        </test-method> <!-- SetUp -->
        <test-method signature="deleteLastTaskafterSearch(java.lang.String,java.lang.String,java.lang.String)[pri:4, instance:com.crm.qa.testcases.TasksPageTest@3349e9bb]" started-at="2023-02-15T20:38:43 GMT-05:00" name="deleteLastTaskafterSearch" data-provider="getCRMTasksTestData" finished-at="2023-02-15T20:38:49 GMT-05:00" duration-ms="6109" status="PASS">
          <params>
            <param index="0">
              <value>
                <![CDATA[Feb Tasks]]>
              </value>
            </param>
            <param index="1">
              <value>
                <![CDATA[February Tasks to be performed]]>
              </value>
            </param>
            <param index="2">
              <value>
                <![CDATA[Feb Tasks]]>
              </value>
            </param>
          </params>
          <reporter-output>
          </reporter-output>
        </test-method> <!-- deleteLastTaskafterSearch -->
        <test-method is-config="true" signature="SetUp()[pri:0, instance:com.crm.qa.testcases.TasksPageTest@3349e9bb]" started-at="2023-02-15T20:38:49 GMT-05:00" name="SetUp" finished-at="2023-02-15T20:39:02 GMT-05:00" duration-ms="13738" status="PASS">
          <reporter-output>
          </reporter-output>
        </test-method> <!-- SetUp -->
        <test-method signature="deleteLastTaskafterSearch(java.lang.String,java.lang.String,java.lang.String)[pri:4, instance:com.crm.qa.testcases.TasksPageTest@3349e9bb]" started-at="2023-02-15T20:39:02 GMT-05:00" name="deleteLastTaskafterSearch" data-provider="getCRMTasksTestData" finished-at="2023-02-15T20:39:08 GMT-05:00" duration-ms="5851" status="PASS">
          <params>
            <param index="0">
              <value>
                <![CDATA[March Tasks]]>
              </value>
            </param>
            <param index="1">
              <value>
                <![CDATA[March Tasks to be performed]]>
              </value>
            </param>
            <param index="2">
              <value>
                <![CDATA[March Tasks]]>
              </value>
            </param>
          </params>
          <reporter-output>
          </reporter-output>
        </test-method> <!-- deleteLastTaskafterSearch -->
      </class> <!-- com.crm.qa.testcases.TasksPageTest -->
    </test> <!-- Default test -->
  </suite> <!-- Default suite -->
</testng-results>
