<?xml version="1.0" encoding="UTF-8"?>
<testng-results ignored="0" total="4" passed="4" failed="0" skipped="0">
  <reporter-output>
  </reporter-output>
  <suite started-at="2023-01-12T13:07:17 GMT-05:00" name="Default suite" finished-at="2023-01-12T13:08:19 GMT-05:00" duration-ms="62341">
    <groups>
    </groups>
    <test started-at="2023-01-12T13:07:17 GMT-05:00" name="Default test" finished-at="2023-01-12T13:08:19 GMT-05:00" duration-ms="62341">
      <class name="com.crm.qa.testcases.TasksPageTest">
        <test-method is-config="true" signature="SetUp()[pri:0, instance:com.crm.qa.testcases.TasksPageTest@42a48628]" started-at="2023-01-12T13:07:17 GMT-05:00" name="SetUp" finished-at="2023-01-12T13:07:26 GMT-05:00" duration-ms="9549" status="PASS">
          <reporter-output>
          </reporter-output>
        </test-method> <!-- SetUp -->
        <test-method signature="verifyTasksPage()[pri:1, instance:com.crm.qa.testcases.TasksPageTest@42a48628]" started-at="2023-01-12T13:07:26 GMT-05:00" name="verifyTasksPage" finished-at="2023-01-12T13:07:29 GMT-05:00" duration-ms="2907" status="PASS">
          <reporter-output>
          </reporter-output>
        </test-method> <!-- verifyTasksPage -->
        <test-method is-config="true" signature="SetUp()[pri:0, instance:com.crm.qa.testcases.TasksPageTest@42a48628]" started-at="2023-01-12T13:07:31 GMT-05:00" name="SetUp" finished-at="2023-01-12T13:07:39 GMT-05:00" duration-ms="8317" status="PASS">
          <reporter-output>
          </reporter-output>
        </test-method> <!-- SetUp -->
        <test-method signature="createNewTask(java.lang.String,java.lang.String)[pri:2, instance:com.crm.qa.testcases.TasksPageTest@42a48628]" started-at="2023-01-12T13:07:39 GMT-05:00" name="createNewTask" data-provider="getCRMTasksTestData" finished-at="2023-01-12T13:07:46 GMT-05:00" duration-ms="7333" status="PASS">
          <params>
            <param index="0">
              <value>
                <![CDATA[Jan Tasks]]>
              </value>
            </param>
            <param index="1">
              <value>
                <![CDATA[January Tasks to be performed]]>
              </value>
            </param>
          </params>
          <reporter-output>
          </reporter-output>
        </test-method> <!-- createNewTask -->
        <test-method is-config="true" signature="SetUp()[pri:0, instance:com.crm.qa.testcases.TasksPageTest@42a48628]" started-at="2023-01-12T13:07:46 GMT-05:00" name="SetUp" finished-at="2023-01-12T13:07:59 GMT-05:00" duration-ms="13290" status="PASS">
          <reporter-output>
          </reporter-output>
        </test-method> <!-- SetUp -->
        <test-method signature="createNewTask(java.lang.String,java.lang.String)[pri:2, instance:com.crm.qa.testcases.TasksPageTest@42a48628]" started-at="2023-01-12T13:07:59 GMT-05:00" name="createNewTask" data-provider="getCRMTasksTestData" finished-at="2023-01-12T13:08:05 GMT-05:00" duration-ms="5558" status="PASS">
          <params>
            <param index="0">
              <value>
                <![CDATA[Feb Tasks]]>
              </value>
            </param>
            <param index="1">
              <value>
                <![CDATA[February Tasks to be performed]]>
              </value>
            </param>
          </params>
          <reporter-output>
          </reporter-output>
        </test-method> <!-- createNewTask -->
        <test-method is-config="true" signature="SetUp()[pri:0, instance:com.crm.qa.testcases.TasksPageTest@42a48628]" started-at="2023-01-12T13:08:05 GMT-05:00" name="SetUp" finished-at="2023-01-12T13:08:13 GMT-05:00" duration-ms="8339" status="PASS">
          <reporter-output>
          </reporter-output>
        </test-method> <!-- SetUp -->
        <test-method signature="createNewTask(java.lang.String,java.lang.String)[pri:2, instance:com.crm.qa.testcases.TasksPageTest@42a48628]" started-at="2023-01-12T13:08:13 GMT-05:00" name="createNewTask" data-provider="getCRMTasksTestData" finished-at="2023-01-12T13:08:19 GMT-05:00" duration-ms="5614" status="PASS">
          <params>
            <param index="0">
              <value>
                <![CDATA[March Tasks]]>
              </value>
            </param>
            <param index="1">
              <value>
                <![CDATA[March Tasks to be performed]]>
              </value>
            </param>
          </params>
          <reporter-output>
          </reporter-output>
        </test-method> <!-- createNewTask -->
      </class> <!-- com.crm.qa.testcases.TasksPageTest -->
    </test> <!-- Default test -->
  </suite> <!-- Default suite -->
</testng-results>
